<?xml version="1.0" encoding="UTF-8"?>
<testng-results ignored="0" total="1" passed="1" failed="0" skipped="0">
  <reporter-output>
  </reporter-output>
  <suite started-at="2022-03-07T12:48:03Z" name="Default suite" finished-at="2022-03-07T12:48:37Z" duration-ms="33550">
    <groups>
    </groups>
    <test started-at="2022-03-07T12:48:03Z" name="Default test" finished-at="2022-03-07T12:48:37Z" duration-ms="33550">
      <class name="tests.GeneralStore_AddMultipleProducts">
        <test-method signature="test_addFourProducts()[pri:0, instance:tests.GeneralStore_AddMultipleProducts@2aa3cd93]" started-at="2022-03-07T18:18:03Z" name="test_addFourProducts" finished-at="2022-03-07T18:18:37Z" duration-ms="33507" status="PASS">
          <reporter-output>
          </reporter-output>
        </test-method> <!-- test_addFourProducts -->
      </class> <!-- tests.GeneralStore_AddMultipleProducts -->
    </test> <!-- Default test -->
  </suite> <!-- Default suite -->
</testng-results>
