<?xml version="1.0" encoding="UTF-8"?>
<testng-results ignored="0" total="1" passed="1" failed="0" skipped="0">
  <reporter-output>
  </reporter-output>
  <suite started-at="2022-04-05T11:22:52Z" name="Default suite" finished-at="2022-04-05T11:23:06Z" duration-ms="13939">
    <groups>
    </groups>
    <test started-at="2022-04-05T11:22:52Z" name="Default test" finished-at="2022-04-05T11:23:06Z" duration-ms="13939">
      <class name="tests.APIDemos_OS_SMS_Messaging">
        <test-method signature="testSMSMessaging()[pri:0, instance:tests.APIDemos_OS_SMS_Messaging@2aa3cd93]" started-at="2022-04-05T16:52:52Z" name="testSMSMessaging" finished-at="2022-04-05T16:53:06Z" duration-ms="13908" status="PASS">
          <reporter-output>
          </reporter-output>
        </test-method> <!-- testSMSMessaging -->
      </class> <!-- tests.APIDemos_OS_SMS_Messaging -->
    </test> <!-- Default test -->
  </suite> <!-- Default suite -->
</testng-results>
